<?xml version="1.0" encoding="UTF-8"?>
<!-- Generated by org.testng.reporters.JUnitReportReporter -->
<testsuite skipped="0" hostname="DESKTOP-9I1M7L8" name="com.herokuapp.theinternet.NegativeLoginTests" tests="1" failures="0" timestamp="10 Nov 2019 22:12:04 GMT" time="13.753" errors="0">
  <testcase name="negativeLoginTest" time="13.753" classname="com.herokuapp.theinternet.NegativeLoginTests"/>
</testsuite> <!-- com.herokuapp.theinternet.NegativeLoginTests -->
