<?xml version="1.0" encoding="UTF-8"?>
<!-- Generated by org.testng.reporters.JUnitReportReporter -->
<testsuite skipped="0" hostname="DESKTOP-9I1M7L8" name="com.herokuapp.theinternet.NegativeLoginTests" tests="2" failures="0" timestamp="06 Nov 2019 22:40:37 GMT" time="28.130" errors="0">
  <testcase name="wrongUserNameLogin" time="13.885" classname="com.herokuapp.theinternet.NegativeLoginTests"/>
  <testcase name="wrongPasswordLogin" time="14.245" classname="com.herokuapp.theinternet.NegativeLoginTests"/>
</testsuite> <!-- com.herokuapp.theinternet.NegativeLoginTests -->
