<?xml version="1.0" encoding="UTF-8"?>
<!-- Generated by org.testng.reporters.JUnitReportReporter -->
<testsuite skipped="0" hostname="DESKTOP-9I1M7L8" name="com.herokuapp.theinternet.LoginTests" tests="1" failures="0" timestamp="06 Nov 2019 22:40:37 GMT" time="16.189" errors="0">
  <testcase name="login" time="16.189" classname="com.herokuapp.theinternet.LoginTests"/>
</testsuite> <!-- com.herokuapp.theinternet.LoginTests -->
